2009.04.06 00:36 B C:\Web\Audio-2009\07064028.nlx <-- Telenor /76/14/801/tsandstr/www_docs 07064028.nlx
2009.04.06 00:36 B C:\Web\Audio-2009\a_strange_one.htm <-- Telenor /76/14/801/tsandstr/www_docs a_strange_one.htm
2009.04.06 00:36 B C:\Web\Audio-2009\ABDist.htm <-- Telenor /76/14/801/tsandstr/www_docs ABDist.htm
2009.04.06 00:36 B C:\Web\Audio-2009\Audio_Critic_page_1_reduced_size.jpg <-- Telenor /76/14/801/tsandstr/www_docs Audio_Critic_page_1_reduced_size.jpg
2009.04.06 00:36 B C:\Web\Audio-2009\Audio_Critic_page_2_reduced_size.jpg <-- Telenor /76/14/801/tsandstr/www_docs Audio_Critic_page_2_reduced_size.jpg
2009.04.06 00:36 B C:\Web\Audio-2009\audio_critic_test.htm <-- Telenor /76/14/801/tsandstr/www_docs audio_critic_test.htm
2009.04.06 00:36 B C:\Web\Audio-2009\AudioStartsHere.htm <-- Telenor /76/14/801/tsandstr/www_docs AudioStartsHere.htm
2009.04.06 00:36 B C:\Web\Audio-2009\AudioVerdenen-NRF.jpg <-- Telenor /76/14/801/tsandstr/www_docs AudioVerdenen-NRF.jpg
2009.04.06 00:36 B C:\Web\Audio-2009\Brochure2.jpg <-- Telenor /76/14/801/tsandstr/www_docs Brochure2.jpg
2009.04.06 00:36 B C:\Web\Audio-2009\Brochure2b.jpg <-- Telenor /76/14/801/tsandstr/www_docs Brochure2b.jpg
2009.04.06 00:36 B C:\Web\Audio-2009\Brosjyre_1_side_1.jpg <-- Telenor /76/14/801/tsandstr/www_docs Brosjyre_1_side_1.jpg
2009.04.06 00:36 B C:\Web\Audio-2009\Brosjyre_1_side_2.jpg <-- Telenor /76/14/801/tsandstr/www_docs Brosjyre_1_side_2.jpg
2009.04.06 00:36 B C:\Web\Audio-2009\bruktsalg.htm <-- Telenor /76/14/801/tsandstr/www_docs bruktsalg.htm
2009.04.06 00:36 B C:\Web\Audio-2009\calculations_on_the_25w_amp.htm <-- Telenor /76/14/801/tsandstr/www_docs calculations_on_the_25w_amp.htm
2009.04.06 00:36 B C:\Web\Audio-2009\compctrl.htm <-- Telenor /76/14/801/tsandstr/www_docs compctrl.htm
2009.04.06 00:36 B C:\Web\Audio-2009\content.htm <-- Telenor /76/14/801/tsandstr/www_docs content.htm
2009.04.06 00:36 B C:\Web\Audio-2009\cooling_fins.htm <-- Telenor /76/14/801/tsandstr/www_docs cooling_fins.htm
2009.04.06 00:36 B C:\Web\Audio-2009\default.asp <-- Telenor /76/14/801/tsandstr/www_docs default.asp
2009.04.06 00:36 B C:\Web\Audio-2009\default.htm <-- Telenor /76/14/801/tsandstr/www_docs default.htm
2009.04.06 00:36 B C:\Web\Audio-2009\Default.htm <-- Telenor /76/14/801/tsandstr/www_docs Default.htm
2009.04.06 00:36 B C:\Web\Audio-2009\default.sav <-- Telenor /76/14/801/tsandstr/www_docs default.sav
2009.04.06 00:36 B C:\Web\Audio-2009\distortion_calculators.htm <-- Telenor /76/14/801/tsandstr/www_docs distortion_calculators.htm
2009.04.06 00:36 B C:\Web\Audio-2009\faq.htm <-- Telenor /76/14/801/tsandstr/www_docs faq.htm
2009.04.06 00:36 B C:\Web\Audio-2009\favorite.htm <-- Telenor /76/14/801/tsandstr/www_docs favorite.htm
2009.04.06 00:36 B C:\Web\Audio-2009\galaxy5.jpg <-- Telenor /76/14/801/tsandstr/www_docs galaxy5.jpg
2009.04.06 00:36 B C:\Web\Audio-2009\global.asa <-- Telenor /76/14/801/tsandstr/www_docs global.asa
2009.04.06 00:36 B C:\Web\Audio-2009\HiFi 2 1980.jpg <-- Telenor /76/14/801/tsandstr/www_docs HiFi 2 1980.jpg
2009.04.06 00:36 B C:\Web\Audio-2009\HiFi 5 1980.jpg <-- Telenor /76/14/801/tsandstr/www_docs HiFi 5 1980.jpg
2009.04.06 00:36 B C:\Web\Audio-2009\index.htm <-- Telenor /76/14/801/tsandstr/www_docs index.htm
2009.04.06 00:36 B C:\Web\Audio-2009\interest.htm <-- Telenor /76/14/801/tsandstr/www_docs interest.htm
2009.04.06 00:36 B C:\Web\Audio-2009\j0240695.gif <-- Telenor /76/14/801/tsandstr/www_docs j0240695.gif
2009.04.06 00:36 B C:\Web\Audio-2009\later_designs.htm <-- Telenor /76/14/801/tsandstr/www_docs later_designs.htm
2009.04.06 00:36 B C:\Web\Audio-2009\links.htm <-- Telenor /76/14/801/tsandstr/www_docs links.htm
2009.04.06 00:36 B C:\Web\Audio-2009\MasterThesis.htm <-- Telenor /76/14/801/tsandstr/www_docs MasterThesis.htm
2009.04.06 00:36 B C:\Web\Audio-2009\may_78_preamplifier.htm <-- Telenor /76/14/801/tsandstr/www_docs may_78_preamplifier.htm
2009.04.06 00:36 B C:\Web\Audio-2009\mod_pics.aspx <-- Telenor /76/14/801/tsandstr/www_docs mod_pics.aspx
2009.04.06 00:36 B C:\Web\Audio-2009\mod_pics.htm <-- Telenor /76/14/801/tsandstr/www_docs mod_pics.htm
2009.04.06 00:36 B C:\Web\Audio-2009\modified_amplifiers.htm <-- Telenor /76/14/801/tsandstr/www_docs modified_amplifiers.htm
2009.04.06 00:36 B C:\Web\Audio-2009\modified_schem.htm <-- Telenor /76/14/801/tsandstr/www_docs modified_schem.htm
2009.04.06 00:36 B C:\Web\Audio-2009\myfav3.htm <-- Telenor /76/14/801/tsandstr/www_docs myfav3.htm
2009.04.06 00:36 B C:\Web\Audio-2009\netload.chk <-- Telenor /76/14/801/tsandstr/www_docs netload.chk
2009.04.06 00:36 B C:\Web\Audio-2009\news.htm <-- Telenor /76/14/801/tsandstr/www_docs news.htm
2009.04.06 00:36 B C:\Web\Audio-2009\norsk_radiofabrikk.htm <-- Telenor /76/14/801/tsandstr/www_docs norsk_radiofabrikk.htm
2009.04.06 00:36 B C:\Web\Audio-2009\notes_from_the_pressNRF.htm <-- Telenor /76/14/801/tsandstr/www_docs notes_from_the_pressNRF.htm
2009.04.06 00:36 B C:\Web\Audio-2009\open_and_closed_loop_frequency_r.htm <-- Telenor /76/14/801/tsandstr/www_docs open_and_closed_loop_frequency_r.htm
2009.04.06 00:36 B C:\Web\Audio-2009\OsirisEye.jpg <-- Telenor /76/14/801/tsandstr/www_docs OsirisEye.jpg
2009.04.06 00:36 B C:\Web\Audio-2009\OsirisLogo.jpg <-- Telenor /76/14/801/tsandstr/www_docs OsirisLogo.jpg
2009.04.06 00:36 B C:\Web\Audio-2009\Otala amp 1973, original.htm <-- Telenor /76/14/801/tsandstr/www_docs Otala amp 1973, original.htm
2009.04.06 00:36 B C:\Web\Audio-2009\OtalaStory.htm <-- Telenor /76/14/801/tsandstr/www_docs OtalaStory.htm
2009.04.06 00:36 B C:\Web\Audio-2009\OtherDesigns.htm <-- Telenor /76/14/801/tsandstr/www_docs OtherDesigns.htm
2009.04.06 00:36 B C:\Web\Audio-2009\our_first_brochure.htm <-- Telenor /76/14/801/tsandstr/www_docs our_first_brochure.htm
2009.04.06 00:36 B C:\Web\Audio-2009\our_second_brochure.htm <-- Telenor /76/14/801/tsandstr/www_docs our_second_brochure.htm
2009.04.06 00:36 B C:\Web\Audio-2009\outline.js <-- Telenor /76/14/801/tsandstr/www_docs outline.js
2009.04.06 00:36 B C:\Web\Audio-2009\people_involved.htm <-- Telenor /76/14/801/tsandstr/www_docs people_involved.htm
2009.04.06 00:36 B C:\Web\Audio-2009\perfect_25_w_amplifier.htm <-- Telenor /76/14/801/tsandstr/www_docs perfect_25_w_amplifier.htm
2009.04.06 00:36 B C:\Web\Audio-2009\photo.htm <-- Telenor /76/14/801/tsandstr/www_docs photo.htm
2009.04.06 00:36 B C:\Web\Audio-2009\postinfo.html <-- Telenor /76/14/801/tsandstr/www_docs postinfo.html
2009.04.06 00:36 B C:\Web\Audio-2009\protection_networks.htm <-- Telenor /76/14/801/tsandstr/www_docs protection_networks.htm
2009.04.06 00:36 B C:\Web\Audio-2009\Puls 2 1980.jpg <-- Telenor /76/14/801/tsandstr/www_docs Puls 2 1980.jpg
2009.04.06 00:36 B C:\Web\Audio-2009\Puls 4 1980.jpg <-- Telenor /76/14/801/tsandstr/www_docs Puls 4 1980.jpg
2009.04.06 00:36 B C:\Web\Audio-2009\Reg25W.htm <-- Telenor /76/14/801/tsandstr/www_docs Reg25W.htm
2009.04.06 00:36 B C:\Web\Audio-2009\schematics.htm <-- Telenor /76/14/801/tsandstr/www_docs schematics.htm
2009.04.06 00:36 B C:\Web\Audio-2009\schematics_2.htm <-- Telenor /76/14/801/tsandstr/www_docs schematics_2.htm
2009.04.06 00:36 B C:\Web\Audio-2009\schematics_of_the_real_ec_25w_am.htm <-- Telenor /76/14/801/tsandstr/www_docs schematics_of_the_real_ec_25w_am.htm
2009.04.06 00:36 B C:\Web\Audio-2009\school_amplifier.htm <-- Telenor /76/14/801/tsandstr/www_docs school_amplifier.htm
2009.04.06 00:36 B C:\Web\Audio-2009\SingleCalc.htm <-- Telenor /76/14/801/tsandstr/www_docs SingleCalc.htm
2009.04.06 00:36 B C:\Web\Audio-2009\SingleStage.gif <-- Telenor /76/14/801/tsandstr/www_docs SingleStage.gif
2009.04.06 00:36 B C:\Web\Audio-2009\site_is_under_reconstruction.htm <-- Telenor /76/14/801/tsandstr/www_docs site_is_under_reconstruction.htm
2009.04.06 00:36 B C:\Web\Audio-2009\spiral.jpg <-- Telenor /76/14/801/tsandstr/www_docs spiral.jpg
2009.04.06 00:36 B C:\Web\Audio-2009\sumtextb.jpg <-- Telenor /76/14/801/tsandstr/www_docs sumtextb.jpg
2009.04.06 00:36 B C:\Web\Audio-2009\TableOfContent.htm <-- Telenor /76/14/801/tsandstr/www_docs TableOfContent.htm
2009.04.06 00:36 B C:\Web\Audio-2009\Theory.htm <-- Telenor /76/14/801/tsandstr/www_docs Theory.htm
2009.04.06 00:36 B C:\Web\Audio-2009\theory_of_single_stages.htm <-- Telenor /76/14/801/tsandstr/www_docs theory_of_single_stages.htm
2009.04.06 00:36 B C:\Web\Audio-2009\Transformers_etc.htm <-- Telenor /76/14/801/tsandstr/www_docs Transformers_etc.htm
2009.04.06 00:36 B C:\Web\Audio-2009\TroubleShooting1.jpg <-- Telenor /76/14/801/tsandstr/www_docs TroubleShooting1.jpg
2009.04.06 00:36 B C:\Web\Audio-2009\TroubleShooting2.jpg <-- Telenor /76/14/801/tsandstr/www_docs TroubleShooting2.jpg
2009.04.06 00:36 B C:\Web\Audio-2009\TroubleShooting3.jpg <-- Telenor /76/14/801/tsandstr/www_docs TroubleShooting3.jpg
2009.04.06 00:36 B C:\Web\Audio-2009\troubleshooting_the_preamplfier.htm <-- Telenor /76/14/801/tsandstr/www_docs troubleshooting_the_preamplfier.htm
2009.04.06 00:36 B C:\Web\Audio-2009\troubleshooting_your_amplifier.htm <-- Telenor /76/14/801/tsandstr/www_docs troubleshooting_your_amplifier.htm
2009.04.06 00:36 B C:\Web\Audio-2009\ts.jpg <-- Telenor /76/14/801/tsandstr/www_docs ts.jpg
2009.04.06 00:36 B C:\Web\Audio-2009\unknown.htm <-- Telenor /76/14/801/tsandstr/www_docs unknown.htm
2009.04.06 00:36 B C:\Web\Audio-2009\whoami.htm <-- Telenor /76/14/801/tsandstr/www_docs whoami.htm
2009.04.06 00:45 B C:\Web\Audio-2009\AudioStartsHere.htm --> ftp.home.online.no /76/14/801/tsandstr/www_docs AudioStartsHere.htm
2009.04.06 00:45 B C:\Web\Audio-2009\index.htm --> ftp.home.online.no /76/14/801/tsandstr/www_docs index.htm
2009.04.06 00:45 B C:\Web\Audio-2009\TS2.jpg --> ftp.home.online.no /76/14/801/tsandstr/www_docs TS2.jpg
2009.04.06 00:45 B C:\Web\Audio-2009\whoami.htm --> ftp.home.online.no /76/14/801/tsandstr/www_docs whoami.htm
2009.04.06 00:47 B C:\Web\Audio-2009\AudioStartsHere.htm --> ftp.home.online.no /76/14/801/tsandstr/www_docs AudioStartsHere.htm
2009.04.06 00:52 B C:\Web\Audio-2009\AudioStartsHere.htm --> ftp.home.online.no /76/14/801/tsandstr/www_docs AudioStartsHere.htm
